2020-05-14 23:47:51.554 [main] INFO  com.zsw.UserServicesApplication - The following profiles are active: dev
2020-05-14 23:47:52.426 [main] INFO  o.s.d.r.config.RepositoryConfigurationDelegate - Bootstrapping Spring Data JPA repositories in DEFAULT mode.
2020-05-14 23:47:52.444 [main] INFO  o.s.d.r.config.RepositoryConfigurationDelegate - Finished Spring Data repository scanning in 9ms. Found 0 JPA repository interfaces.
2020-05-14 23:47:52.715 [main] INFO  o.springframework.cloud.context.scope.GenericScope - BeanFactory id=009f86ca-547b-3d66-b3a8-d00e0dc97d13
2020-05-14 23:47:53.198 [main] INFO  o.s.c.s.PostProcessorRegistrationDelegate$BeanPostProcessorChecker - Bean 'org.springframework.cloud.autoconfigure.ConfigurationPropertiesRebinderAutoConfiguration' of type [org.springframework.cloud.autoconfigure.ConfigurationPropertiesRebinderAutoConfiguration] is not eligible for getting processed by all BeanPostProcessors (for example: not eligible for auto-proxying)
2020-05-14 23:47:53.491 [main] INFO  o.s.boot.web.embedded.tomcat.TomcatWebServer - Tomcat initialized with port(s): 8763 (http)
2020-05-14 23:47:53.500 [main] INFO  org.apache.coyote.http11.Http11NioProtocol - Initializing ProtocolHandler ["http-nio-8763"]
2020-05-14 23:47:53.501 [main] INFO  org.apache.catalina.core.StandardService - Starting service [Tomcat]
2020-05-14 23:47:53.501 [main] INFO  org.apache.catalina.core.StandardEngine - Starting Servlet engine: [Apache Tomcat/9.0.31]
2020-05-14 23:47:53.716 [main] INFO  o.a.c.core.ContainerBase.[Tomcat].[localhost].[/] - Initializing Spring embedded WebApplicationContext
2020-05-14 23:47:53.716 [main] INFO  org.springframework.web.context.ContextLoader - Root WebApplicationContext: initialization completed in 2137 ms
2020-05-14 23:47:53.853 [main] INFO  com.netflix.config.sources.URLConfigurationSource - To enable URLs as dynamic configuration sources, define System property archaius.configurationSource.additionalUrls or make config.properties available on classpath.
2020-05-14 23:47:53.861 [main] INFO  com.netflix.config.DynamicPropertyFactory - DynamicPropertyFactory is initialized with configuration sources: com.netflix.config.ConcurrentCompositeConfiguration@5333f08f
2020-05-14 23:47:54.331 [main] INFO  com.alibaba.druid.pool.DruidDataSource - {dataSource-1} inited
2020-05-14 23:47:54.943 [main] INFO  org.hibernate.Version - HHH000412: Hibernate ORM core version 5.4.12.Final
2020-05-14 23:47:55.131 [main] INFO  org.hibernate.annotations.common.Version - HCANN000001: Hibernate Commons Annotations {5.1.0.Final}
2020-05-14 23:47:55.324 [main] INFO  org.hibernate.dialect.Dialect - HHH000400: Using dialect: org.hibernate.dialect.MySQL5InnoDBDialect
2020-05-14 23:47:56.508 [main] INFO  o.h.e.t.jta.platform.internal.JtaPlatformInitiator - HHH000490: Using JtaPlatform implementation: [org.hibernate.engine.transaction.jta.platform.internal.NoJtaPlatform]
2020-05-14 23:47:56.693 [main] INFO  com.netflix.config.sources.URLConfigurationSource - To enable URLs as dynamic configuration sources, define System property archaius.configurationSource.additionalUrls or make config.properties available on classpath.
2020-05-14 23:47:56.994 [main] INFO  o.s.scheduling.concurrent.ThreadPoolTaskExecutor - Initializing ExecutorService 'applicationTaskExecutor'
2020-05-14 23:47:57.645 [main] INFO  o.s.scheduling.concurrent.ThreadPoolTaskScheduler - Initializing ExecutorService 'taskScheduler'
2020-05-14 23:47:57.896 [main] INFO  o.s.b.actuate.endpoint.web.EndpointLinksResolver - Exposing 2 endpoint(s) beneath base path '/actuator'
2020-05-14 23:47:57.969 [main] INFO  o.s.cloud.netflix.eureka.InstanceInfoFactory - Setting initial instance status as: STARTING
2020-05-14 23:47:58.025 [main] INFO  com.netflix.discovery.DiscoveryClient - Initializing Eureka in region us-east-1
2020-05-14 23:47:58.297 [main] INFO  c.n.discovery.provider.DiscoveryJerseyProvider - Using JSON encoding codec LegacyJacksonJson
2020-05-14 23:47:58.298 [main] INFO  c.n.discovery.provider.DiscoveryJerseyProvider - Using JSON decoding codec LegacyJacksonJson
2020-05-14 23:47:58.479 [main] INFO  c.n.discovery.provider.DiscoveryJerseyProvider - Using XML encoding codec XStreamXml
2020-05-14 23:47:58.480 [main] INFO  c.n.discovery.provider.DiscoveryJerseyProvider - Using XML decoding codec XStreamXml
2020-05-14 23:47:58.768 [main] INFO  c.n.d.shared.resolver.aws.ConfigClusterResolver - Resolving eureka endpoints via configuration
2020-05-14 23:47:58.797 [main] INFO  com.netflix.discovery.DiscoveryClient - Disable delta property : false
2020-05-14 23:47:58.797 [main] INFO  com.netflix.discovery.DiscoveryClient - Single vip registry refresh property : null
2020-05-14 23:47:58.797 [main] INFO  com.netflix.discovery.DiscoveryClient - Force full registry fetch : false
2020-05-14 23:47:58.798 [main] INFO  com.netflix.discovery.DiscoveryClient - Application is null : false
2020-05-14 23:47:58.798 [main] INFO  com.netflix.discovery.DiscoveryClient - Registered Applications size is zero : true
2020-05-14 23:47:58.798 [main] INFO  com.netflix.discovery.DiscoveryClient - Application version is -1: true
2020-05-14 23:47:58.798 [main] INFO  com.netflix.discovery.DiscoveryClient - Getting all instance registry info from the eureka server
2020-05-14 23:47:59.040 [main] INFO  com.netflix.discovery.DiscoveryClient - The response status is 200
2020-05-14 23:47:59.046 [main] INFO  com.netflix.discovery.DiscoveryClient - Starting heartbeat executor: renew interval is: 30
2020-05-14 23:47:59.049 [main] INFO  com.netflix.discovery.InstanceInfoReplicator - InstanceInfoReplicator onDemand update allowed rate per min is 4
2020-05-14 23:47:59.052 [main] INFO  com.netflix.discovery.DiscoveryClient - Discovery Client initialized at timestamp 1589471279051 with initial instances count: 2
2020-05-14 23:47:59.059 [main] INFO  o.s.c.n.e.serviceregistry.EurekaServiceRegistry - Registering application USER-SERVICES with eureka with status UP
2020-05-14 23:47:59.060 [main] INFO  com.netflix.discovery.DiscoveryClient - Saw local status change event StatusChangeEvent [timestamp=1589471279060, current=UP, previous=STARTING]
2020-05-14 23:47:59.065 [DiscoveryClient-InstanceInfoReplicator-0] INFO  com.netflix.discovery.DiscoveryClient - DiscoveryClient_USER-SERVICES/192.168.3.5:user-services:8763: registering service...
2020-05-14 23:47:59.111 [main] INFO  org.apache.coyote.http11.Http11NioProtocol - Starting ProtocolHandler ["http-nio-8763"]
2020-05-14 23:47:59.121 [DiscoveryClient-InstanceInfoReplicator-0] INFO  com.netflix.discovery.DiscoveryClient - DiscoveryClient_USER-SERVICES/192.168.3.5:user-services:8763 - registration status: 204
2020-05-14 23:47:59.155 [main] INFO  o.s.boot.web.embedded.tomcat.TomcatWebServer - Tomcat started on port(s): 8763 (http) with context path ''
2020-05-14 23:47:59.158 [main] INFO  o.s.c.n.e.s.EurekaAutoServiceRegistration - Updating port to 8763
2020-05-14 23:47:59.163 [main] INFO  com.zsw.UserServicesApplication - Started UserServicesApplication in 8.978 seconds (JVM running for 9.589)
2020-05-14 23:49:59.011 [SpringContextShutdownHook] INFO  o.s.c.n.e.serviceregistry.EurekaServiceRegistry - Unregistering application USER-SERVICES with eureka with status DOWN
2020-05-14 23:49:59.013 [DiscoveryClient-InstanceInfoReplicator-0] INFO  com.netflix.discovery.DiscoveryClient - DiscoveryClient_USER-SERVICES/192.168.3.5:user-services:8763: registering service...
2020-05-14 23:49:59.017 [SpringContextShutdownHook] INFO  o.s.scheduling.concurrent.ThreadPoolTaskScheduler - Shutting down ExecutorService 'taskScheduler'
2020-05-14 23:49:59.019 [SpringContextShutdownHook] INFO  o.s.scheduling.concurrent.ThreadPoolTaskExecutor - Shutting down ExecutorService 'applicationTaskExecutor'
2020-05-14 23:49:59.022 [DiscoveryClient-InstanceInfoReplicator-0] INFO  com.netflix.discovery.DiscoveryClient - DiscoveryClient_USER-SERVICES/192.168.3.5:user-services:8763 - registration status: 204
2020-05-14 23:49:59.024 [SpringContextShutdownHook] INFO  com.alibaba.druid.pool.DruidDataSource - {dataSource-1} closing ...
2020-05-14 23:49:59.030 [SpringContextShutdownHook] INFO  com.alibaba.druid.pool.DruidDataSource - {dataSource-1} closed
2020-05-14 23:49:59.032 [SpringContextShutdownHook] INFO  com.netflix.discovery.DiscoveryClient - Shutting down DiscoveryClient ...
2020-05-14 23:50:03.136 [main] INFO  com.zsw.UserServicesApplication - The following profiles are active: dev
2020-05-14 23:50:03.906 [main] INFO  o.s.d.r.config.RepositoryConfigurationDelegate - Bootstrapping Spring Data JPA repositories in DEFAULT mode.
2020-05-14 23:50:03.931 [main] INFO  o.s.d.r.config.RepositoryConfigurationDelegate - Finished Spring Data repository scanning in 15ms. Found 0 JPA repository interfaces.
2020-05-14 23:50:04.304 [main] INFO  o.springframework.cloud.context.scope.GenericScope - BeanFactory id=009f86ca-547b-3d66-b3a8-d00e0dc97d13
2020-05-14 23:50:04.816 [main] INFO  o.s.c.s.PostProcessorRegistrationDelegate$BeanPostProcessorChecker - Bean 'org.springframework.cloud.autoconfigure.ConfigurationPropertiesRebinderAutoConfiguration' of type [org.springframework.cloud.autoconfigure.ConfigurationPropertiesRebinderAutoConfiguration] is not eligible for getting processed by all BeanPostProcessors (for example: not eligible for auto-proxying)
2020-05-14 23:50:05.145 [main] INFO  o.s.boot.web.embedded.tomcat.TomcatWebServer - Tomcat initialized with port(s): 8763 (http)
2020-05-14 23:50:05.156 [main] INFO  org.apache.coyote.http11.Http11NioProtocol - Initializing ProtocolHandler ["http-nio-8763"]
2020-05-14 23:50:05.157 [main] INFO  org.apache.catalina.core.StandardService - Starting service [Tomcat]
2020-05-14 23:50:05.157 [main] INFO  org.apache.catalina.core.StandardEngine - Starting Servlet engine: [Apache Tomcat/9.0.31]
2020-05-14 23:50:05.417 [main] INFO  o.a.c.core.ContainerBase.[Tomcat].[localhost].[/] - Initializing Spring embedded WebApplicationContext
2020-05-14 23:50:05.417 [main] INFO  org.springframework.web.context.ContextLoader - Root WebApplicationContext: initialization completed in 2258 ms
2020-05-14 23:50:05.550 [main] INFO  com.netflix.config.sources.URLConfigurationSource - To enable URLs as dynamic configuration sources, define System property archaius.configurationSource.additionalUrls or make config.properties available on classpath.
2020-05-14 23:50:05.560 [main] INFO  com.netflix.config.DynamicPropertyFactory - DynamicPropertyFactory is initialized with configuration sources: com.netflix.config.ConcurrentCompositeConfiguration@7ceb6c45
2020-05-14 23:50:06.003 [main] INFO  com.alibaba.druid.pool.DruidDataSource - {dataSource-1} inited
2020-05-14 23:50:06.502 [main] INFO  org.hibernate.Version - HHH000412: Hibernate ORM core version 5.4.12.Final
2020-05-14 23:50:06.647 [main] INFO  org.hibernate.annotations.common.Version - HCANN000001: Hibernate Commons Annotations {5.1.0.Final}
2020-05-14 23:50:06.792 [main] INFO  org.hibernate.dialect.Dialect - HHH000400: Using dialect: org.hibernate.dialect.MySQL5InnoDBDialect
2020-05-14 23:50:07.516 [main] INFO  o.h.e.t.jta.platform.internal.JtaPlatformInitiator - HHH000490: Using JtaPlatform implementation: [org.hibernate.engine.transaction.jta.platform.internal.NoJtaPlatform]
2020-05-14 23:50:07.640 [main] INFO  com.netflix.config.sources.URLConfigurationSource - To enable URLs as dynamic configuration sources, define System property archaius.configurationSource.additionalUrls or make config.properties available on classpath.
2020-05-14 23:50:07.862 [main] INFO  o.s.scheduling.concurrent.ThreadPoolTaskExecutor - Initializing ExecutorService 'applicationTaskExecutor'
2020-05-14 23:50:08.357 [main] INFO  o.s.scheduling.concurrent.ThreadPoolTaskScheduler - Initializing ExecutorService 'taskScheduler'
2020-05-14 23:50:08.503 [main] INFO  o.s.b.actuate.endpoint.web.EndpointLinksResolver - Exposing 2 endpoint(s) beneath base path '/actuator'
2020-05-14 23:50:08.548 [main] INFO  o.s.cloud.netflix.eureka.InstanceInfoFactory - Setting initial instance status as: STARTING
2020-05-14 23:50:08.584 [main] INFO  com.netflix.discovery.DiscoveryClient - Initializing Eureka in region us-east-1
2020-05-14 23:50:08.785 [main] INFO  c.n.discovery.provider.DiscoveryJerseyProvider - Using JSON encoding codec LegacyJacksonJson
2020-05-14 23:50:08.785 [main] INFO  c.n.discovery.provider.DiscoveryJerseyProvider - Using JSON decoding codec LegacyJacksonJson
2020-05-14 23:50:08.911 [main] INFO  c.n.discovery.provider.DiscoveryJerseyProvider - Using XML encoding codec XStreamXml
2020-05-14 23:50:08.911 [main] INFO  c.n.discovery.provider.DiscoveryJerseyProvider - Using XML decoding codec XStreamXml
2020-05-14 23:50:09.100 [main] INFO  c.n.d.shared.resolver.aws.ConfigClusterResolver - Resolving eureka endpoints via configuration
2020-05-14 23:50:09.116 [main] INFO  com.netflix.discovery.DiscoveryClient - Disable delta property : false
2020-05-14 23:50:09.117 [main] INFO  com.netflix.discovery.DiscoveryClient - Single vip registry refresh property : null
2020-05-14 23:50:09.117 [main] INFO  com.netflix.discovery.DiscoveryClient - Force full registry fetch : false
2020-05-14 23:50:09.117 [main] INFO  com.netflix.discovery.DiscoveryClient - Application is null : false
2020-05-14 23:50:09.117 [main] INFO  com.netflix.discovery.DiscoveryClient - Registered Applications size is zero : true
2020-05-14 23:50:09.117 [main] INFO  com.netflix.discovery.DiscoveryClient - Application version is -1: true
2020-05-14 23:50:09.117 [main] INFO  com.netflix.discovery.DiscoveryClient - Getting all instance registry info from the eureka server
2020-05-14 23:50:09.272 [main] INFO  com.netflix.discovery.DiscoveryClient - The response status is 200
2020-05-14 23:50:09.275 [main] INFO  com.netflix.discovery.DiscoveryClient - Starting heartbeat executor: renew interval is: 30
2020-05-14 23:50:09.277 [main] INFO  com.netflix.discovery.InstanceInfoReplicator - InstanceInfoReplicator onDemand update allowed rate per min is 4
2020-05-14 23:50:09.280 [main] INFO  com.netflix.discovery.DiscoveryClient - Discovery Client initialized at timestamp 1589471409279 with initial instances count: 2
2020-05-14 23:50:09.285 [main] INFO  o.s.c.n.e.serviceregistry.EurekaServiceRegistry - Registering application USER-SERVICES with eureka with status UP
2020-05-14 23:50:09.285 [main] INFO  com.netflix.discovery.DiscoveryClient - Saw local status change event StatusChangeEvent [timestamp=1589471409285, current=UP, previous=STARTING]
2020-05-14 23:50:09.287 [DiscoveryClient-InstanceInfoReplicator-0] INFO  com.netflix.discovery.DiscoveryClient - DiscoveryClient_USER-SERVICES/192.168.3.5:user-services:8763: registering service...
2020-05-14 23:50:09.308 [main] INFO  org.apache.coyote.http11.Http11NioProtocol - Starting ProtocolHandler ["http-nio-8763"]
2020-05-14 23:50:09.319 [DiscoveryClient-InstanceInfoReplicator-0] INFO  com.netflix.discovery.DiscoveryClient - DiscoveryClient_USER-SERVICES/192.168.3.5:user-services:8763 - registration status: 204
2020-05-14 23:50:09.336 [main] INFO  o.s.boot.web.embedded.tomcat.TomcatWebServer - Tomcat started on port(s): 8763 (http) with context path ''
2020-05-14 23:50:09.337 [main] INFO  o.s.c.n.e.s.EurekaAutoServiceRegistration - Updating port to 8763
2020-05-14 23:50:09.341 [main] INFO  com.zsw.UserServicesApplication - Started UserServicesApplication in 7.226 seconds (JVM running for 7.809)
2020-05-14 23:50:20.657 [http-nio-8763-exec-1] INFO  o.a.c.core.ContainerBase.[Tomcat].[localhost].[/] - Initializing Spring DispatcherServlet 'dispatcherServlet'
2020-05-14 23:50:20.658 [http-nio-8763-exec-1] INFO  org.springframework.web.servlet.DispatcherServlet - Initializing Servlet 'dispatcherServlet'
2020-05-14 23:50:20.667 [http-nio-8763-exec-1] INFO  org.springframework.web.servlet.DispatcherServlet - Completed initialization in 9 ms
2020-05-14 23:51:03.594 [SpringContextShutdownHook] INFO  o.s.c.n.e.serviceregistry.EurekaServiceRegistry - Unregistering application USER-SERVICES with eureka with status DOWN
2020-05-14 23:51:03.597 [DiscoveryClient-InstanceInfoReplicator-0] INFO  com.netflix.discovery.DiscoveryClient - DiscoveryClient_USER-SERVICES/192.168.3.5:user-services:8763: registering service...
2020-05-14 23:51:03.601 [SpringContextShutdownHook] INFO  o.s.scheduling.concurrent.ThreadPoolTaskScheduler - Shutting down ExecutorService 'taskScheduler'
2020-05-14 23:51:03.605 [DiscoveryClient-InstanceInfoReplicator-0] INFO  com.netflix.discovery.DiscoveryClient - DiscoveryClient_USER-SERVICES/192.168.3.5:user-services:8763 - registration status: 204
2020-05-14 23:51:03.605 [SpringContextShutdownHook] INFO  o.s.scheduling.concurrent.ThreadPoolTaskExecutor - Shutting down ExecutorService 'applicationTaskExecutor'
2020-05-14 23:51:03.610 [SpringContextShutdownHook] INFO  com.alibaba.druid.pool.DruidDataSource - {dataSource-1} closing ...
2020-05-14 23:51:03.617 [SpringContextShutdownHook] INFO  com.alibaba.druid.pool.DruidDataSource - {dataSource-1} closed
2020-05-14 23:51:03.619 [SpringContextShutdownHook] INFO  com.netflix.discovery.DiscoveryClient - Shutting down DiscoveryClient ...
2020-05-14 23:51:07.712 [main] INFO  com.zsw.UserServicesApplication - The following profiles are active: dev
2020-05-14 23:51:08.653 [main] INFO  o.s.d.r.config.RepositoryConfigurationDelegate - Bootstrapping Spring Data JPA repositories in DEFAULT mode.
2020-05-14 23:51:08.675 [main] INFO  o.s.d.r.config.RepositoryConfigurationDelegate - Finished Spring Data repository scanning in 11ms. Found 0 JPA repository interfaces.
2020-05-14 23:51:08.998 [main] INFO  o.springframework.cloud.context.scope.GenericScope - BeanFactory id=009f86ca-547b-3d66-b3a8-d00e0dc97d13
2020-05-14 23:51:09.318 [main] INFO  o.s.c.s.PostProcessorRegistrationDelegate$BeanPostProcessorChecker - Bean 'org.springframework.cloud.autoconfigure.ConfigurationPropertiesRebinderAutoConfiguration' of type [org.springframework.cloud.autoconfigure.ConfigurationPropertiesRebinderAutoConfiguration] is not eligible for getting processed by all BeanPostProcessors (for example: not eligible for auto-proxying)
2020-05-14 23:51:09.539 [main] INFO  o.s.boot.web.embedded.tomcat.TomcatWebServer - Tomcat initialized with port(s): 8763 (http)
2020-05-14 23:51:09.550 [main] INFO  org.apache.coyote.http11.Http11NioProtocol - Initializing ProtocolHandler ["http-nio-8763"]
2020-05-14 23:51:09.551 [main] INFO  org.apache.catalina.core.StandardService - Starting service [Tomcat]
2020-05-14 23:51:09.552 [main] INFO  org.apache.catalina.core.StandardEngine - Starting Servlet engine: [Apache Tomcat/9.0.31]
2020-05-14 23:51:09.761 [main] INFO  o.a.c.core.ContainerBase.[Tomcat].[localhost].[/] - Initializing Spring embedded WebApplicationContext
2020-05-14 23:51:09.762 [main] INFO  org.springframework.web.context.ContextLoader - Root WebApplicationContext: initialization completed in 2020 ms
2020-05-14 23:51:09.911 [main] INFO  com.netflix.config.sources.URLConfigurationSource - To enable URLs as dynamic configuration sources, define System property archaius.configurationSource.additionalUrls or make config.properties available on classpath.
2020-05-14 23:51:09.921 [main] INFO  com.netflix.config.DynamicPropertyFactory - DynamicPropertyFactory is initialized with configuration sources: com.netflix.config.ConcurrentCompositeConfiguration@222acad
2020-05-14 23:51:10.328 [main] INFO  com.alibaba.druid.pool.DruidDataSource - {dataSource-1} inited
2020-05-14 23:51:10.838 [main] INFO  org.hibernate.Version - HHH000412: Hibernate ORM core version 5.4.12.Final
2020-05-14 23:51:10.989 [main] INFO  org.hibernate.annotations.common.Version - HCANN000001: Hibernate Commons Annotations {5.1.0.Final}
2020-05-14 23:51:11.157 [main] INFO  org.hibernate.dialect.Dialect - HHH000400: Using dialect: org.hibernate.dialect.MySQL5InnoDBDialect
2020-05-14 23:51:11.848 [main] INFO  o.h.e.t.jta.platform.internal.JtaPlatformInitiator - HHH000490: Using JtaPlatform implementation: [org.hibernate.engine.transaction.jta.platform.internal.NoJtaPlatform]
2020-05-14 23:51:11.981 [main] INFO  com.netflix.config.sources.URLConfigurationSource - To enable URLs as dynamic configuration sources, define System property archaius.configurationSource.additionalUrls or make config.properties available on classpath.
2020-05-14 23:51:12.196 [main] INFO  o.s.scheduling.concurrent.ThreadPoolTaskExecutor - Initializing ExecutorService 'applicationTaskExecutor'
2020-05-14 23:51:12.682 [main] INFO  o.s.scheduling.concurrent.ThreadPoolTaskScheduler - Initializing ExecutorService 'taskScheduler'
2020-05-14 23:51:12.840 [main] INFO  o.s.b.actuate.endpoint.web.EndpointLinksResolver - Exposing 2 endpoint(s) beneath base path '/actuator'
2020-05-14 23:51:12.894 [main] INFO  o.s.cloud.netflix.eureka.InstanceInfoFactory - Setting initial instance status as: STARTING
2020-05-14 23:51:12.936 [main] INFO  com.netflix.discovery.DiscoveryClient - Initializing Eureka in region us-east-1
2020-05-14 23:51:13.141 [main] INFO  c.n.discovery.provider.DiscoveryJerseyProvider - Using JSON encoding codec LegacyJacksonJson
2020-05-14 23:51:13.142 [main] INFO  c.n.discovery.provider.DiscoveryJerseyProvider - Using JSON decoding codec LegacyJacksonJson
2020-05-14 23:51:13.260 [main] INFO  c.n.discovery.provider.DiscoveryJerseyProvider - Using XML encoding codec XStreamXml
2020-05-14 23:51:13.260 [main] INFO  c.n.discovery.provider.DiscoveryJerseyProvider - Using XML decoding codec XStreamXml
2020-05-14 23:51:13.479 [main] INFO  c.n.d.shared.resolver.aws.ConfigClusterResolver - Resolving eureka endpoints via configuration
2020-05-14 23:51:13.496 [main] INFO  com.netflix.discovery.DiscoveryClient - Disable delta property : false
2020-05-14 23:51:13.496 [main] INFO  com.netflix.discovery.DiscoveryClient - Single vip registry refresh property : null
2020-05-14 23:51:13.496 [main] INFO  com.netflix.discovery.DiscoveryClient - Force full registry fetch : false
2020-05-14 23:51:13.496 [main] INFO  com.netflix.discovery.DiscoveryClient - Application is null : false
2020-05-14 23:51:13.496 [main] INFO  com.netflix.discovery.DiscoveryClient - Registered Applications size is zero : true
2020-05-14 23:51:13.496 [main] INFO  com.netflix.discovery.DiscoveryClient - Application version is -1: true
2020-05-14 23:51:13.496 [main] INFO  com.netflix.discovery.DiscoveryClient - Getting all instance registry info from the eureka server
2020-05-14 23:51:13.633 [main] INFO  com.netflix.discovery.DiscoveryClient - The response status is 200
2020-05-14 23:51:13.636 [main] INFO  com.netflix.discovery.DiscoveryClient - Starting heartbeat executor: renew interval is: 30
2020-05-14 23:51:13.638 [main] INFO  com.netflix.discovery.InstanceInfoReplicator - InstanceInfoReplicator onDemand update allowed rate per min is 4
2020-05-14 23:51:13.641 [main] INFO  com.netflix.discovery.DiscoveryClient - Discovery Client initialized at timestamp 1589471473640 with initial instances count: 2
2020-05-14 23:51:13.645 [main] INFO  o.s.c.n.e.serviceregistry.EurekaServiceRegistry - Registering application USER-SERVICES with eureka with status UP
2020-05-14 23:51:13.645 [main] INFO  com.netflix.discovery.DiscoveryClient - Saw local status change event StatusChangeEvent [timestamp=1589471473645, current=UP, previous=STARTING]
2020-05-14 23:51:13.647 [DiscoveryClient-InstanceInfoReplicator-0] INFO  com.netflix.discovery.DiscoveryClient - DiscoveryClient_USER-SERVICES/192.168.3.5:user-services:8763: registering service...
2020-05-14 23:51:13.669 [main] INFO  org.apache.coyote.http11.Http11NioProtocol - Starting ProtocolHandler ["http-nio-8763"]
2020-05-14 23:51:13.681 [DiscoveryClient-InstanceInfoReplicator-0] INFO  com.netflix.discovery.DiscoveryClient - DiscoveryClient_USER-SERVICES/192.168.3.5:user-services:8763 - registration status: 204
2020-05-14 23:51:13.698 [main] INFO  o.s.boot.web.embedded.tomcat.TomcatWebServer - Tomcat started on port(s): 8763 (http) with context path ''
2020-05-14 23:51:13.699 [main] INFO  o.s.c.n.e.s.EurekaAutoServiceRegistration - Updating port to 8763
2020-05-14 23:51:13.704 [main] INFO  com.zsw.UserServicesApplication - Started UserServicesApplication in 7.24 seconds (JVM running for 7.859)
2020-05-14 23:51:18.779 [http-nio-8763-exec-1] INFO  o.a.c.core.ContainerBase.[Tomcat].[localhost].[/] - Initializing Spring DispatcherServlet 'dispatcherServlet'
2020-05-14 23:51:18.780 [http-nio-8763-exec-1] INFO  org.springframework.web.servlet.DispatcherServlet - Initializing Servlet 'dispatcherServlet'
2020-05-14 23:51:18.790 [http-nio-8763-exec-1] INFO  org.springframework.web.servlet.DispatcherServlet - Completed initialization in 10 ms
2020-05-14 23:56:13.514 [AsyncResolver-bootstrap-executor-0] INFO  c.n.d.shared.resolver.aws.ConfigClusterResolver - Resolving eureka endpoints via configuration
