2020-05-15 00:01:13.534 [AsyncResolver-bootstrap-executor-0] INFO  c.n.d.shared.resolver.aws.ConfigClusterResolver - Resolving eureka endpoints via configuration
2020-05-15 00:03:01.498 [SpringContextShutdownHook] INFO  o.s.c.n.e.serviceregistry.EurekaServiceRegistry - Unregistering application USER-SERVICES with eureka with status DOWN
2020-05-15 00:03:01.499 [DiscoveryClient-InstanceInfoReplicator-0] INFO  com.netflix.discovery.DiscoveryClient - DiscoveryClient_USER-SERVICES/192.168.3.5:user-services:8763: registering service...
2020-05-15 00:03:01.503 [SpringContextShutdownHook] INFO  o.s.scheduling.concurrent.ThreadPoolTaskScheduler - Shutting down ExecutorService 'taskScheduler'
2020-05-15 00:03:01.505 [DiscoveryClient-InstanceInfoReplicator-0] INFO  com.netflix.discovery.DiscoveryClient - DiscoveryClient_USER-SERVICES/192.168.3.5:user-services:8763 - registration status: 204
2020-05-15 00:03:01.506 [SpringContextShutdownHook] INFO  o.s.scheduling.concurrent.ThreadPoolTaskExecutor - Shutting down ExecutorService 'applicationTaskExecutor'
2020-05-15 00:03:01.513 [SpringContextShutdownHook] INFO  com.alibaba.druid.pool.DruidDataSource - {dataSource-1} closing ...
2020-05-15 00:03:01.522 [SpringContextShutdownHook] INFO  com.alibaba.druid.pool.DruidDataSource - {dataSource-1} closed
2020-05-15 00:03:01.525 [SpringContextShutdownHook] INFO  com.netflix.discovery.DiscoveryClient - Shutting down DiscoveryClient ...
2020-05-15 00:03:06.337 [main] INFO  com.zsw.UserServicesApplication - The following profiles are active: dev
2020-05-15 00:03:07.245 [main] INFO  o.s.d.r.config.RepositoryConfigurationDelegate - Bootstrapping Spring Data JPA repositories in DEFAULT mode.
2020-05-15 00:03:07.264 [main] INFO  o.s.d.r.config.RepositoryConfigurationDelegate - Finished Spring Data repository scanning in 10ms. Found 0 JPA repository interfaces.
2020-05-15 00:03:07.572 [main] INFO  o.springframework.cloud.context.scope.GenericScope - BeanFactory id=009f86ca-547b-3d66-b3a8-d00e0dc97d13
2020-05-15 00:03:07.902 [main] INFO  o.s.c.s.PostProcessorRegistrationDelegate$BeanPostProcessorChecker - Bean 'org.springframework.cloud.autoconfigure.ConfigurationPropertiesRebinderAutoConfiguration' of type [org.springframework.cloud.autoconfigure.ConfigurationPropertiesRebinderAutoConfiguration] is not eligible for getting processed by all BeanPostProcessors (for example: not eligible for auto-proxying)
2020-05-15 00:03:08.147 [main] INFO  o.s.boot.web.embedded.tomcat.TomcatWebServer - Tomcat initialized with port(s): 8763 (http)
2020-05-15 00:03:08.158 [main] INFO  org.apache.coyote.http11.Http11NioProtocol - Initializing ProtocolHandler ["http-nio-8763"]
2020-05-15 00:03:08.159 [main] INFO  org.apache.catalina.core.StandardService - Starting service [Tomcat]
2020-05-15 00:03:08.159 [main] INFO  org.apache.catalina.core.StandardEngine - Starting Servlet engine: [Apache Tomcat/9.0.31]
2020-05-15 00:03:08.374 [main] INFO  o.a.c.core.ContainerBase.[Tomcat].[localhost].[/] - Initializing Spring embedded WebApplicationContext
2020-05-15 00:03:08.374 [main] INFO  org.springframework.web.context.ContextLoader - Root WebApplicationContext: initialization completed in 2007 ms
2020-05-15 00:03:08.491 [main] INFO  com.netflix.config.sources.URLConfigurationSource - To enable URLs as dynamic configuration sources, define System property archaius.configurationSource.additionalUrls or make config.properties available on classpath.
2020-05-15 00:03:08.499 [main] INFO  com.netflix.config.DynamicPropertyFactory - DynamicPropertyFactory is initialized with configuration sources: com.netflix.config.ConcurrentCompositeConfiguration@7841bd30
2020-05-15 00:03:08.885 [main] INFO  com.alibaba.druid.pool.DruidDataSource - {dataSource-1} inited
2020-05-15 00:03:09.392 [main] INFO  org.hibernate.Version - HHH000412: Hibernate ORM core version 5.4.12.Final
2020-05-15 00:03:09.565 [main] INFO  org.hibernate.annotations.common.Version - HCANN000001: Hibernate Commons Annotations {5.1.0.Final}
2020-05-15 00:03:09.723 [main] INFO  org.hibernate.dialect.Dialect - HHH000400: Using dialect: org.hibernate.dialect.MySQL5InnoDBDialect
2020-05-15 00:03:10.469 [main] INFO  o.h.e.t.jta.platform.internal.JtaPlatformInitiator - HHH000490: Using JtaPlatform implementation: [org.hibernate.engine.transaction.jta.platform.internal.NoJtaPlatform]
2020-05-15 00:03:10.602 [main] INFO  com.netflix.config.sources.URLConfigurationSource - To enable URLs as dynamic configuration sources, define System property archaius.configurationSource.additionalUrls or make config.properties available on classpath.
2020-05-15 00:03:10.830 [main] INFO  o.s.scheduling.concurrent.ThreadPoolTaskExecutor - Initializing ExecutorService 'applicationTaskExecutor'
2020-05-15 00:03:11.328 [main] INFO  o.s.scheduling.concurrent.ThreadPoolTaskScheduler - Initializing ExecutorService 'taskScheduler'
2020-05-15 00:03:11.471 [main] INFO  o.s.b.actuate.endpoint.web.EndpointLinksResolver - Exposing 2 endpoint(s) beneath base path '/actuator'
2020-05-15 00:03:11.516 [main] INFO  o.s.cloud.netflix.eureka.InstanceInfoFactory - Setting initial instance status as: STARTING
2020-05-15 00:03:11.556 [main] INFO  com.netflix.discovery.DiscoveryClient - Initializing Eureka in region us-east-1
2020-05-15 00:03:11.752 [main] INFO  c.n.discovery.provider.DiscoveryJerseyProvider - Using JSON encoding codec LegacyJacksonJson
2020-05-15 00:03:11.752 [main] INFO  c.n.discovery.provider.DiscoveryJerseyProvider - Using JSON decoding codec LegacyJacksonJson
2020-05-15 00:03:11.873 [main] INFO  c.n.discovery.provider.DiscoveryJerseyProvider - Using XML encoding codec XStreamXml
2020-05-15 00:03:11.873 [main] INFO  c.n.discovery.provider.DiscoveryJerseyProvider - Using XML decoding codec XStreamXml
2020-05-15 00:03:12.088 [main] INFO  c.n.d.shared.resolver.aws.ConfigClusterResolver - Resolving eureka endpoints via configuration
2020-05-15 00:03:12.110 [main] INFO  com.netflix.discovery.DiscoveryClient - Disable delta property : false
2020-05-15 00:03:12.111 [main] INFO  com.netflix.discovery.DiscoveryClient - Single vip registry refresh property : null
2020-05-15 00:03:12.111 [main] INFO  com.netflix.discovery.DiscoveryClient - Force full registry fetch : false
2020-05-15 00:03:12.111 [main] INFO  com.netflix.discovery.DiscoveryClient - Application is null : false
2020-05-15 00:03:12.111 [main] INFO  com.netflix.discovery.DiscoveryClient - Registered Applications size is zero : true
2020-05-15 00:03:12.111 [main] INFO  com.netflix.discovery.DiscoveryClient - Application version is -1: true
2020-05-15 00:03:12.111 [main] INFO  com.netflix.discovery.DiscoveryClient - Getting all instance registry info from the eureka server
2020-05-15 00:03:12.256 [main] INFO  com.netflix.discovery.DiscoveryClient - The response status is 200
2020-05-15 00:03:12.258 [main] INFO  com.netflix.discovery.DiscoveryClient - Starting heartbeat executor: renew interval is: 30
2020-05-15 00:03:12.260 [main] INFO  com.netflix.discovery.InstanceInfoReplicator - InstanceInfoReplicator onDemand update allowed rate per min is 4
2020-05-15 00:03:12.264 [main] INFO  com.netflix.discovery.DiscoveryClient - Discovery Client initialized at timestamp 1589472192262 with initial instances count: 2
2020-05-15 00:03:12.268 [main] INFO  o.s.c.n.e.serviceregistry.EurekaServiceRegistry - Registering application USER-SERVICES with eureka with status UP
2020-05-15 00:03:12.268 [main] INFO  com.netflix.discovery.DiscoveryClient - Saw local status change event StatusChangeEvent [timestamp=1589472192268, current=UP, previous=STARTING]
2020-05-15 00:03:12.270 [DiscoveryClient-InstanceInfoReplicator-0] INFO  com.netflix.discovery.DiscoveryClient - DiscoveryClient_USER-SERVICES/192.168.3.5:user-services:8763: registering service...
2020-05-15 00:03:12.292 [main] INFO  org.apache.coyote.http11.Http11NioProtocol - Starting ProtocolHandler ["http-nio-8763"]
2020-05-15 00:03:12.306 [DiscoveryClient-InstanceInfoReplicator-0] INFO  com.netflix.discovery.DiscoveryClient - DiscoveryClient_USER-SERVICES/192.168.3.5:user-services:8763 - registration status: 204
2020-05-15 00:03:12.324 [main] INFO  o.s.boot.web.embedded.tomcat.TomcatWebServer - Tomcat started on port(s): 8763 (http) with context path ''
2020-05-15 00:03:12.325 [main] INFO  o.s.c.n.e.s.EurekaAutoServiceRegistration - Updating port to 8763
2020-05-15 00:03:12.331 [main] INFO  com.zsw.UserServicesApplication - Started UserServicesApplication in 7.615 seconds (JVM running for 8.347)
2020-05-15 00:07:01.307 [SpringContextShutdownHook] INFO  o.s.c.n.e.serviceregistry.EurekaServiceRegistry - Unregistering application USER-SERVICES with eureka with status DOWN
2020-05-15 00:07:01.308 [DiscoveryClient-InstanceInfoReplicator-0] INFO  com.netflix.discovery.DiscoveryClient - DiscoveryClient_USER-SERVICES/192.168.3.5:user-services:8763: registering service...
2020-05-15 00:07:01.312 [SpringContextShutdownHook] INFO  o.s.scheduling.concurrent.ThreadPoolTaskScheduler - Shutting down ExecutorService 'taskScheduler'
2020-05-15 00:07:01.315 [DiscoveryClient-InstanceInfoReplicator-0] INFO  com.netflix.discovery.DiscoveryClient - DiscoveryClient_USER-SERVICES/192.168.3.5:user-services:8763 - registration status: 204
2020-05-15 00:07:01.315 [SpringContextShutdownHook] INFO  o.s.scheduling.concurrent.ThreadPoolTaskExecutor - Shutting down ExecutorService 'applicationTaskExecutor'
2020-05-15 00:07:01.320 [SpringContextShutdownHook] INFO  com.alibaba.druid.pool.DruidDataSource - {dataSource-1} closing ...
2020-05-15 00:07:01.331 [SpringContextShutdownHook] INFO  com.alibaba.druid.pool.DruidDataSource - {dataSource-1} closed
2020-05-15 00:07:01.332 [SpringContextShutdownHook] INFO  com.netflix.discovery.DiscoveryClient - Shutting down DiscoveryClient ...
