2020-05-15 01:19:13.436 [main] INFO  com.zsw.UserServicesApplication - The following profiles are active: dev
2020-05-15 01:19:14.385 [main] INFO  o.s.d.r.config.RepositoryConfigurationDelegate - Bootstrapping Spring Data JPA repositories in DEFAULT mode.
2020-05-15 01:19:14.403 [main] INFO  o.s.d.r.config.RepositoryConfigurationDelegate - Finished Spring Data repository scanning in 10ms. Found 0 JPA repository interfaces.
2020-05-15 01:19:14.704 [main] INFO  o.springframework.cloud.context.scope.GenericScope - BeanFactory id=009f86ca-547b-3d66-b3a8-d00e0dc97d13
2020-05-15 01:19:15.067 [main] INFO  o.s.c.s.PostProcessorRegistrationDelegate$BeanPostProcessorChecker - Bean 'org.springframework.cloud.autoconfigure.ConfigurationPropertiesRebinderAutoConfiguration' of type [org.springframework.cloud.autoconfigure.ConfigurationPropertiesRebinderAutoConfiguration] is not eligible for getting processed by all BeanPostProcessors (for example: not eligible for auto-proxying)
2020-05-15 01:19:15.292 [main] INFO  o.s.boot.web.embedded.tomcat.TomcatWebServer - Tomcat initialized with port(s): 8763 (http)
2020-05-15 01:19:15.304 [main] INFO  org.apache.coyote.http11.Http11NioProtocol - Initializing ProtocolHandler ["http-nio-8763"]
2020-05-15 01:19:15.305 [main] INFO  org.apache.catalina.core.StandardService - Starting service [Tomcat]
2020-05-15 01:19:15.305 [main] INFO  org.apache.catalina.core.StandardEngine - Starting Servlet engine: [Apache Tomcat/9.0.31]
2020-05-15 01:19:15.486 [main] INFO  o.a.c.core.ContainerBase.[Tomcat].[localhost].[/] - Initializing Spring embedded WebApplicationContext
2020-05-15 01:19:15.486 [main] INFO  org.springframework.web.context.ContextLoader - Root WebApplicationContext: initialization completed in 2022 ms
2020-05-15 01:19:15.623 [main] INFO  com.netflix.config.sources.URLConfigurationSource - To enable URLs as dynamic configuration sources, define System property archaius.configurationSource.additionalUrls or make config.properties available on classpath.
2020-05-15 01:19:15.635 [main] INFO  com.netflix.config.DynamicPropertyFactory - DynamicPropertyFactory is initialized with configuration sources: com.netflix.config.ConcurrentCompositeConfiguration@25ce435
2020-05-15 01:19:16.009 [main] INFO  com.alibaba.druid.pool.DruidDataSource - {dataSource-1} inited
2020-05-15 01:19:16.505 [main] INFO  org.hibernate.Version - HHH000412: Hibernate ORM core version 5.4.12.Final
2020-05-15 01:19:16.654 [main] INFO  org.hibernate.annotations.common.Version - HCANN000001: Hibernate Commons Annotations {5.1.0.Final}
2020-05-15 01:19:16.794 [main] INFO  org.hibernate.dialect.Dialect - HHH000400: Using dialect: org.hibernate.dialect.MySQL5InnoDBDialect
2020-05-15 01:19:17.541 [main] INFO  o.h.e.t.jta.platform.internal.JtaPlatformInitiator - HHH000490: Using JtaPlatform implementation: [org.hibernate.engine.transaction.jta.platform.internal.NoJtaPlatform]
2020-05-15 01:19:17.681 [main] INFO  com.netflix.config.sources.URLConfigurationSource - To enable URLs as dynamic configuration sources, define System property archaius.configurationSource.additionalUrls or make config.properties available on classpath.
2020-05-15 01:19:17.912 [main] INFO  o.s.scheduling.concurrent.ThreadPoolTaskExecutor - Initializing ExecutorService 'applicationTaskExecutor'
2020-05-15 01:19:18.399 [main] INFO  o.s.scheduling.concurrent.ThreadPoolTaskScheduler - Initializing ExecutorService 'taskScheduler'
2020-05-15 01:19:18.543 [main] INFO  o.s.b.actuate.endpoint.web.EndpointLinksResolver - Exposing 2 endpoint(s) beneath base path '/actuator'
2020-05-15 01:19:18.592 [main] INFO  o.s.cloud.netflix.eureka.InstanceInfoFactory - Setting initial instance status as: STARTING
2020-05-15 01:19:18.635 [main] INFO  com.netflix.discovery.DiscoveryClient - Initializing Eureka in region us-east-1
2020-05-15 01:19:18.846 [main] INFO  c.n.discovery.provider.DiscoveryJerseyProvider - Using JSON encoding codec LegacyJacksonJson
2020-05-15 01:19:18.847 [main] INFO  c.n.discovery.provider.DiscoveryJerseyProvider - Using JSON decoding codec LegacyJacksonJson
2020-05-15 01:19:18.966 [main] INFO  c.n.discovery.provider.DiscoveryJerseyProvider - Using XML encoding codec XStreamXml
2020-05-15 01:19:18.966 [main] INFO  c.n.discovery.provider.DiscoveryJerseyProvider - Using XML decoding codec XStreamXml
2020-05-15 01:19:19.165 [main] INFO  c.n.d.shared.resolver.aws.ConfigClusterResolver - Resolving eureka endpoints via configuration
2020-05-15 01:19:19.183 [main] INFO  com.netflix.discovery.DiscoveryClient - Disable delta property : false
2020-05-15 01:19:19.183 [main] INFO  com.netflix.discovery.DiscoveryClient - Single vip registry refresh property : null
2020-05-15 01:19:19.183 [main] INFO  com.netflix.discovery.DiscoveryClient - Force full registry fetch : false
2020-05-15 01:19:19.183 [main] INFO  com.netflix.discovery.DiscoveryClient - Application is null : false
2020-05-15 01:19:19.183 [main] INFO  com.netflix.discovery.DiscoveryClient - Registered Applications size is zero : true
2020-05-15 01:19:19.183 [main] INFO  com.netflix.discovery.DiscoveryClient - Application version is -1: true
2020-05-15 01:19:19.184 [main] INFO  com.netflix.discovery.DiscoveryClient - Getting all instance registry info from the eureka server
2020-05-15 01:19:19.328 [main] INFO  com.netflix.discovery.DiscoveryClient - The response status is 200
2020-05-15 01:19:19.330 [main] INFO  com.netflix.discovery.DiscoveryClient - Starting heartbeat executor: renew interval is: 30
2020-05-15 01:19:19.332 [main] INFO  com.netflix.discovery.InstanceInfoReplicator - InstanceInfoReplicator onDemand update allowed rate per min is 4
2020-05-15 01:19:19.336 [main] INFO  com.netflix.discovery.DiscoveryClient - Discovery Client initialized at timestamp 1589476759334 with initial instances count: 2
2020-05-15 01:19:19.340 [main] INFO  o.s.c.n.e.serviceregistry.EurekaServiceRegistry - Registering application USER-SERVICES with eureka with status UP
2020-05-15 01:19:19.340 [main] INFO  com.netflix.discovery.DiscoveryClient - Saw local status change event StatusChangeEvent [timestamp=1589476759340, current=UP, previous=STARTING]
2020-05-15 01:19:19.342 [DiscoveryClient-InstanceInfoReplicator-0] INFO  com.netflix.discovery.DiscoveryClient - DiscoveryClient_USER-SERVICES/192.168.3.5:user-services:8763: registering service...
2020-05-15 01:19:19.364 [main] INFO  org.apache.coyote.http11.Http11NioProtocol - Starting ProtocolHandler ["http-nio-8763"]
2020-05-15 01:19:19.375 [DiscoveryClient-InstanceInfoReplicator-0] INFO  com.netflix.discovery.DiscoveryClient - DiscoveryClient_USER-SERVICES/192.168.3.5:user-services:8763 - registration status: 204
2020-05-15 01:19:19.394 [main] INFO  o.s.boot.web.embedded.tomcat.TomcatWebServer - Tomcat started on port(s): 8763 (http) with context path ''
2020-05-15 01:19:19.395 [main] INFO  o.s.c.n.e.s.EurekaAutoServiceRegistration - Updating port to 8763
2020-05-15 01:19:19.402 [main] INFO  com.zsw.UserServicesApplication - Started UserServicesApplication in 7.379 seconds (JVM running for 7.995)
2020-05-15 01:21:11.593 [SpringContextShutdownHook] INFO  o.s.c.n.e.serviceregistry.EurekaServiceRegistry - Unregistering application USER-SERVICES with eureka with status DOWN
2020-05-15 01:21:11.595 [DiscoveryClient-InstanceInfoReplicator-0] INFO  com.netflix.discovery.DiscoveryClient - DiscoveryClient_USER-SERVICES/192.168.3.5:user-services:8763: registering service...
2020-05-15 01:21:11.599 [SpringContextShutdownHook] INFO  o.s.scheduling.concurrent.ThreadPoolTaskScheduler - Shutting down ExecutorService 'taskScheduler'
2020-05-15 01:21:11.602 [DiscoveryClient-InstanceInfoReplicator-0] INFO  com.netflix.discovery.DiscoveryClient - DiscoveryClient_USER-SERVICES/192.168.3.5:user-services:8763 - registration status: 204
2020-05-15 01:21:11.602 [SpringContextShutdownHook] INFO  o.s.scheduling.concurrent.ThreadPoolTaskExecutor - Shutting down ExecutorService 'applicationTaskExecutor'
2020-05-15 01:21:11.606 [SpringContextShutdownHook] INFO  com.alibaba.druid.pool.DruidDataSource - {dataSource-1} closing ...
2020-05-15 01:21:11.616 [SpringContextShutdownHook] INFO  com.alibaba.druid.pool.DruidDataSource - {dataSource-1} closed
2020-05-15 01:21:11.618 [SpringContextShutdownHook] INFO  com.netflix.discovery.DiscoveryClient - Shutting down DiscoveryClient ...
2020-05-15 01:21:14.625 [SpringContextShutdownHook] INFO  com.netflix.discovery.DiscoveryClient - Unregistering ...
2020-05-15 01:21:14.630 [SpringContextShutdownHook] INFO  com.netflix.discovery.DiscoveryClient - DiscoveryClient_USER-SERVICES/192.168.3.5:user-services:8763 - deregister  status: 200
2020-05-15 01:21:14.642 [SpringContextShutdownHook] INFO  com.netflix.discovery.DiscoveryClient - Completed shut down of DiscoveryClient
